c:\users\user\desktop\영상처리\imageproc2024_20221665\imagepro.385d81b1\x64\debug\imageproc2024_20221665.pch
c:\users\user\desktop\영상처리\imageproc2024_20221665\imagepro.385d81b1\x64\debug\vc143.pdb
c:\users\user\desktop\영상처리\imageproc2024_20221665\imagepro.385d81b1\x64\debug\vc143.idb
c:\users\user\desktop\영상처리\imageproc2024_20221665\imagepro.385d81b1\x64\debug\pch.obj
c:\users\user\desktop\영상처리\imageproc2024_20221665\imagepro.385d81b1\x64\debug\mainfrm.obj
c:\users\user\desktop\영상처리\imageproc2024_20221665\imagepro.385d81b1\x64\debug\imageproc2024_20221665doc.obj
c:\users\user\desktop\영상처리\imageproc2024_20221665\imagepro.385d81b1\x64\debug\imageproc2024_20221665.obj
c:\users\user\desktop\영상처리\imageproc2024_20221665\imagepro.385d81b1\x64\debug\childfrm.obj
c:\users\user\desktop\영상처리\imageproc2024_20221665\x64\debug\imageproc2024_20221665.exe
c:\users\user\desktop\영상처리\imageproc2024_20221665\x64\debug\imageproc2024_20221665.pdb
c:\users\user\desktop\영상처리\imageproc2024_20221665\imagepro.385d81b1\x64\debug\imageproc202420221665.res
c:\users\user\desktop\영상처리\imageproc2024_20221665\imagepro.385d81b1\x64\debug\imageproc2024_20221665.ilk
c:\users\user\desktop\영상처리\imageproc2024_20221665\imagepro.385d81b1\x64\debug\imageproc2024_20221665view.obj
c:\users\user\desktop\영상처리\imageproc2024_20221665\imagepro.385d81b1\x64\debug\imagepro.385d81b1.tlog\cl.command.1.tlog
c:\users\user\desktop\영상처리\imageproc2024_20221665\imagepro.385d81b1\x64\debug\imagepro.385d81b1.tlog\cl.items.tlog
c:\users\user\desktop\영상처리\imageproc2024_20221665\imagepro.385d81b1\x64\debug\imagepro.385d81b1.tlog\cl.read.1.tlog
c:\users\user\desktop\영상처리\imageproc2024_20221665\imagepro.385d81b1\x64\debug\imagepro.385d81b1.tlog\cl.write.1.tlog
c:\users\user\desktop\영상처리\imageproc2024_20221665\imagepro.385d81b1\x64\debug\imagepro.385d81b1.tlog\link.command.1.tlog
c:\users\user\desktop\영상처리\imageproc2024_20221665\imagepro.385d81b1\x64\debug\imagepro.385d81b1.tlog\link.read.1.tlog
c:\users\user\desktop\영상처리\imageproc2024_20221665\imagepro.385d81b1\x64\debug\imagepro.385d81b1.tlog\link.secondary.1.tlog
c:\users\user\desktop\영상처리\imageproc2024_20221665\imagepro.385d81b1\x64\debug\imagepro.385d81b1.tlog\link.write.1.tlog
c:\users\user\desktop\영상처리\imageproc2024_20221665\imagepro.385d81b1\x64\debug\imagepro.385d81b1.tlog\rc.command.1.tlog
c:\users\user\desktop\영상처리\imageproc2024_20221665\imagepro.385d81b1\x64\debug\imagepro.385d81b1.tlog\rc.read.1.tlog
c:\users\user\desktop\영상처리\imageproc2024_20221665\imagepro.385d81b1\x64\debug\imagepro.385d81b1.tlog\rc.write.1.tlog
